<?xml version="1.0" encoding="UTF-8"?>
<testsuite name="ClientServiceTest" tests="1" skipped="0" failures="0" errors="0" timestamp="2025-07-19T17:18:22.661Z" hostname="TaReN" time="0.014">
  <properties/>
  <testcase name="testListAllClient()" classname="ClientServiceTest" time="0.014"/>
  <system-out><![CDATA[]]></system-out>
  <system-err><![CDATA[]]></system-err>
</testsuite>
